<?xml version="1.0" encoding="UTF-8"?>
<!-- Generated by org.testng.reporters.JUnitXMLReporter -->
<testsuite hostname="DESKTOP-T4B78EE" ignored="0" name="TestChrome" tests="3" failures="0" timestamp="20 Aug 2017 04:49:32 GMT" time="98.506" errors="0">
  <testcase name="testValidLogin" time="10.376" classname="com.orbitor.test.ValidLogin"/>
  <testcase name="testInvalidLogin" time="32.612" classname="com.orbitor.test.InvalidLogin"/>
  <testcase name="testInvalidLogin" time="18.503" classname="com.orbitor.test.VerifyProductVersion"/>
</testsuite> <!-- TestChrome -->
