<?xml version="1.0" encoding="UTF-8"?>
<!-- Generated by org.testng.reporters.JUnitXMLReporter -->
<testsuite hostname="DESKTOP-T4B78EE" ignored="0" name="TestFirefox" tests="3" failures="0" timestamp="20 Aug 2017 04:49:43 GMT" time="109.338" errors="0">
  <testcase name="testValidLogin" time="11.415" classname="com.orbitor.test.ValidLogin"/>
  <testcase name="testInvalidLogin" time="34.395" classname="com.orbitor.test.InvalidLogin"/>
  <testcase name="testInvalidLogin" time="18.549" classname="com.orbitor.test.VerifyProductVersion"/>
</testsuite> <!-- TestFirefox -->
